[debug] [2021-10-11T10:43:45.326Z] ----------------------------------------------------------------------
[debug] [2021-10-11T10:43:45.331Z] Command:       C:\Program Files\nodejs\node.exe C:\Users\AL-Arabia\AppData\Roaming\npm\node_modules\firebase-tools\lib\bin\firebase.js emulators:start
[debug] [2021-10-11T10:43:45.332Z] CLI Version:   9.20.0
[debug] [2021-10-11T10:43:45.332Z] Platform:      win32
[debug] [2021-10-11T10:43:45.332Z] Node Version:  v14.17.0
[debug] [2021-10-11T10:43:45.334Z] Time:          Mon Oct 11 2021 12:43:45 GMT+0200 (Eastern European Standard Time)
[debug] [2021-10-11T10:43:45.334Z] ----------------------------------------------------------------------
[debug] 
[debug] [2021-10-11T10:43:45.508Z] > command requires scopes: ["email","openid","https://www.googleapis.com/auth/cloudplatformprojects.readonly","https://www.googleapis.com/auth/firebase","https://www.googleapis.com/auth/cloud-platform"]
[debug] [2021-10-11T10:43:45.508Z] > authorizing via signed-in user (rndasaad1@gmail.com)
[info] i  emulators: Starting emulators: hosting {"metadata":{"emulator":{"name":"hub"},"message":"Starting emulators: hosting"}}
[debug] [2021-10-11T10:43:45.636Z] [hub] writing locator at C:\Users\AL-ARA~1\AppData\Local\Temp\hub-shahrydesign-3e2b4.json
[debug] [2021-10-11T10:43:45.819Z] > refreshing access token with scopes: []
[debug] [2021-10-11T10:43:45.820Z] >>> HTTP REQUEST POST https://www.googleapis.com/oauth2/v3/token  
 <request body omitted>
[debug] [2021-10-11T10:43:46.263Z] <<< HTTP RESPONSE 200 {"cache-control":"no-cache, no-store, max-age=0, must-revalidate","expires":"Mon, 01 Jan 1990 00:00:00 GMT","pragma":"no-cache","date":"Mon, 11 Oct 2021 10:43:44 GMT","content-type":"application/json; charset=utf-8","vary":"X-Origin, Referer, Origin,Accept-Encoding","server":"scaffolding on HTTPServer2","x-xss-protection":"0","x-frame-options":"SAMEORIGIN","x-content-type-options":"nosniff","alt-svc":"h3=\":443\"; ma=2592000,h3-29=\":443\"; ma=2592000,h3-T051=\":443\"; ma=2592000,h3-Q050=\":443\"; ma=2592000,h3-Q046=\":443\"; ma=2592000,h3-Q043=\":443\"; ma=2592000,quic=\":443\"; ma=2592000; v=\"46,43\"","accept-ranges":"none","transfer-encoding":"chunked"}
[debug] [2021-10-11T10:43:46.336Z] >>> [apiv2][query] GET https://firebasehosting.googleapis.com/v1beta1/projects/shahrydesign-3e2b4/sites 
[debug] [2021-10-11T10:43:47.549Z] <<< [apiv2][status] GET https://firebasehosting.googleapis.com/v1beta1/projects/shahrydesign-3e2b4/sites 200
[debug] [2021-10-11T10:43:47.550Z] <<< [apiv2][body] GET https://firebasehosting.googleapis.com/v1beta1/projects/shahrydesign-3e2b4/sites {"sites":[{"name":"projects/60296948249/sites/shahrydesign-3e2b4","defaultUrl":"https://shahrydesign-3e2b4.web.app","type":"DEFAULT_SITE"}]}
[debug] [2021-10-11T10:43:47.552Z] >>> [apiv2][query] GET https://firebase.googleapis.com/v1beta1/projects/shahrydesign-3e2b4/webApps/-/config [none]
[debug] [2021-10-11T10:43:48.491Z] <<< [apiv2][status] GET https://firebase.googleapis.com/v1beta1/projects/shahrydesign-3e2b4/webApps/-/config 200
[debug] [2021-10-11T10:43:48.492Z] <<< [apiv2][body] GET https://firebase.googleapis.com/v1beta1/projects/shahrydesign-3e2b4/webApps/-/config {"projectId":"shahrydesign-3e2b4","storageBucket":"shahrydesign-3e2b4.appspot.com","apiKey":"AIzaSyBdIVlYx_6GK021KgM4ytjQDtm4P6QFs8A","authDomain":"shahrydesign-3e2b4.firebaseapp.com","messagingSenderId":"60296948249"}
[info] i  hosting: Serving hosting files from: y {"metadata":{"emulator":{"name":"hosting"},"message":"Serving hosting files from: \u001b[1my\u001b[22m"}}
[info] +  hosting: Local server: http://localhost:5000 {"metadata":{"emulator":{"name":"hosting"},"message":"Local server: \u001b[4m\u001b[1mhttp://localhost:5000\u001b[22m\u001b[24m"}}
[warn] !  emulators: The Emulator UI requires a project ID to start. Configure your default project with 'firebase use' or pass the --project flag. {"metadata":{"emulator":{"name":"hub"},"message":"The Emulator UI requires a project ID to start. Configure your default project with 'firebase use' or pass the --project flag."}}
[info] 
┌─────────────────────────────────────────────────────────────┐
│ ✔  All emulators ready! It is now safe to connect your app. │
└─────────────────────────────────────────────────────────────┘

┌──────────┬────────────────┐
│ Emulator │ Host:Port      │
├──────────┼────────────────┤
│ Hosting  │ localhost:5000 │
└──────────┴────────────────┘
  Emulator Hub running at localhost:4400
  Other reserved ports: None

Issues? Report them at https://github.com/firebase/firebase-tools/issues and attach the *-debug.log files.
 
[info] i  hosting: 127.0.0.1 - - [11/Oct/2021:10:44:43 +0000] "GET / HTTP/1.1" 200 4596 "-" "Mozilla/5.0 (Windows NT 10.0; Win64; x64; rv:93.0) Gecko/20100101 Firefox/93.0" {"metadata":{"emulator":{"name":"hosting"},"message":"127.0.0.1 - - [11/Oct/2021:10:44:43 +0000] \"GET / HTTP/1.1\" 200 4596 \"-\" \"Mozilla/5.0 (Windows NT 10.0; Win64; x64; rv:93.0) Gecko/20100101 Firefox/93.0\""}}
[info] i  hosting: 127.0.0.1 - - [11/Oct/2021:10:44:44 +0000] "GET /__/firebase/init.js?useEmulator=true HTTP/1.1" 200 - "http://localhost:5000/" "Mozilla/5.0 (Windows NT 10.0; Win64; x64; rv:93.0) Gecko/20100101 Firefox/93.0" {"metadata":{"emulator":{"name":"hosting"},"message":"127.0.0.1 - - [11/Oct/2021:10:44:44 +0000] \"GET /__/firebase/init.js?useEmulator=true HTTP/1.1\" 200 - \"http://localhost:5000/\" \"Mozilla/5.0 (Windows NT 10.0; Win64; x64; rv:93.0) Gecko/20100101 Firefox/93.0\""}}
